<?xml version="1.0" encoding="UTF-8"?>
<!-- Generated by org.testng.reporters.JUnitReportReporter -->
<testsuite skipped="4" hostname="AYRUS" name="com.lexicata.quote.Quotes" tests="10" failures="0" timestamp="2019-09-11T14:55:53 IST" time="568.382" errors="0">
  <testcase name="ValidateDiscountAmountEnterEqualsWith" time="92.397" classname="com.lexicata.quote.Quotes"/>
  <testcase name="ValidateAssingedToEnterEqualsWith" time="90.927" classname="com.lexicata.quote.Quotes"/>
  <testcase name="ValidateInventoryManagerEnterEqualsWith" time="104.583" classname="com.lexicata.quote.Quotes"/>
  <testcase name="ValidateAdjustmentEntereEqualsWith" time="80.445" classname="com.lexicata.quote.Quotes"/>
  <testcase name="ValidateDiscountPercentEnterEqualsWith" time="98.647" classname="com.lexicata.quote.Quotes"/>
  <testcase name="ValidateCurrencyEnterEqualsWith" time="101.383" classname="com.lexicata.quote.Quotes"/>
  <testcase name="ValidateContactNameEnterEqualsWith" classname="com.lexicata.quote.Quotes">
    <skipped/>
  </testcase> <!-- ValidateContactNameEnterEqualsWith -->
  <testcase name="ValidateConversionRateEnterEqualsWith" classname="com.lexicata.quote.Quotes">
    <skipped/>
  </testcase> <!-- ValidateConversionRateEnterEqualsWith -->
  <testcase name="ValidateCarrierEnterEqualsWith" classname="com.lexicata.quote.Quotes">
    <skipped/>
  </testcase> <!-- ValidateCarrierEnterEqualsWith -->
  <testcase name="ValidateCreatedTimeEnterEqualsWith" classname="com.lexicata.quote.Quotes">
    <skipped/>
  </testcase> <!-- ValidateCreatedTimeEnterEqualsWith -->
</testsuite> <!-- com.lexicata.quote.Quotes -->
