<?xml version="1.0" encoding="UTF-8"?>
<!-- Generated by org.testng.reporters.JUnitReportReporter -->
<testsuite skipped="9" hostname="AYRUS" name="lexicateTestcases.Quote" tests="10" failures="0" timestamp="2019-09-09T11:16:06 IST" time="49.059" errors="1">
  <testcase name="ValidateCurrencyEnterEqualsWith" time="49.059" classname="lexicateTestcases.Quote">
    <error type="java.lang.NullPointerException">
      <![CDATA[java.lang.NullPointerException
at org.openqa.selenium.support.ui.Quotes.escape(Quotes.java:42)
at org.openqa.selenium.support.ui.Select.selectByVisibleText(Select.java:113)
at lexicateTestcases.Quote.ValidateCurrencyEnterEqualsWith(Quote.java:120)
at sun.reflect.NativeMethodAccessorImpl.invoke0(Native Method)
at sun.reflect.NativeMethodAccessorImpl.invoke(Unknown Source)
at sun.reflect.DelegatingMethodAccessorImpl.invoke(Unknown Source)
at java.lang.reflect.Method.invoke(Unknown Source)
at org.testng.internal.MethodInvocationHelper.invokeMethod(MethodInvocationHelper.java:133)
at org.testng.internal.TestInvoker.invokeMethod(TestInvoker.java:584)
at org.testng.internal.TestInvoker.invokeTestMethod(TestInvoker.java:172)
at org.testng.internal.MethodRunner.runInSequence(MethodRunner.java:46)
at org.testng.internal.TestInvoker$MethodInvocationAgent.invoke(TestInvoker.java:804)
at org.testng.internal.TestInvoker.invokeTestMethods(TestInvoker.java:145)
at org.testng.internal.TestMethodWorker.invokeTestMethods(TestMethodWorker.java:146)
at org.testng.internal.TestMethodWorker.run(TestMethodWorker.java:128)
at java.util.ArrayList.forEach(Unknown Source)
at org.testng.TestRunner.privateRun(TestRunner.java:770)
at org.testng.TestRunner.run(TestRunner.java:591)
at org.testng.SuiteRunner.runTest(SuiteRunner.java:402)
at org.testng.SuiteRunner.runSequentially(SuiteRunner.java:396)
at org.testng.SuiteRunner.privateRun(SuiteRunner.java:355)
at org.testng.SuiteRunner.run(SuiteRunner.java:304)
at org.testng.SuiteRunnerWorker.runSuite(SuiteRunnerWorker.java:53)
at org.testng.SuiteRunnerWorker.run(SuiteRunnerWorker.java:96)
at org.testng.TestNG.runSuitesSequentially(TestNG.java:1180)
at org.testng.TestNG.runSuitesLocally(TestNG.java:1102)
at org.testng.TestNG.runSuites(TestNG.java:1032)
at org.testng.TestNG.run(TestNG.java:1000)
at org.testng.remote.AbstractRemoteTestNG.run(AbstractRemoteTestNG.java:115)
at org.testng.remote.RemoteTestNG.initAndRun(RemoteTestNG.java:251)
at org.testng.remote.RemoteTestNG.main(RemoteTestNG.java:77)
]]>
    </error>
  </testcase> <!-- ValidateCurrencyEnterEqualsWith -->
  <testcase name="ValidateAssingedToEnterEqualsWith" classname="lexicateTestcases.Quote">
    <skipped/>
  </testcase> <!-- ValidateAssingedToEnterEqualsWith -->
  <testcase name="ValidateInventoryManagerEnterEqualsWith" classname="lexicateTestcases.Quote">
    <skipped/>
  </testcase> <!-- ValidateInventoryManagerEnterEqualsWith -->
  <testcase name="ValidateDiscountPercentEnterEqualsWith" classname="lexicateTestcases.Quote">
    <skipped/>
  </testcase> <!-- ValidateDiscountPercentEnterEqualsWith -->
  <testcase name="ValidateContactNameEnterEqualsWith" classname="lexicateTestcases.Quote">
    <skipped/>
  </testcase> <!-- ValidateContactNameEnterEqualsWith -->
  <testcase name="ValidateDiscountAmountEnterEqualsWith" classname="lexicateTestcases.Quote">
    <skipped/>
  </testcase> <!-- ValidateDiscountAmountEnterEqualsWith -->
  <testcase name="ValidateAdjustmentEntereEqualsWith" classname="lexicateTestcases.Quote">
    <skipped/>
  </testcase> <!-- ValidateAdjustmentEntereEqualsWith -->
  <testcase name="ValidateConversionRateEnterEqualsWith" classname="lexicateTestcases.Quote">
    <skipped/>
  </testcase> <!-- ValidateConversionRateEnterEqualsWith -->
  <testcase name="ValidateCreatedTimeEnterEqualsWith" classname="lexicateTestcases.Quote">
    <skipped/>
  </testcase> <!-- ValidateCreatedTimeEnterEqualsWith -->
  <testcase name="ValidateCarrierEnterEqualsWith" classname="lexicateTestcases.Quote">
    <skipped/>
  </testcase> <!-- ValidateCarrierEnterEqualsWith -->
</testsuite> <!-- lexicateTestcases.Quote -->
